  [1m[36m (2.4ms)[0m  [1mCREATE TABLE "schema_migrations" ("version" varchar(255) NOT NULL) [0m
  [1m[35m (1.7ms)[0m  CREATE UNIQUE INDEX "unique_schema_migrations" ON "schema_migrations" ("version")
  [1m[36mActiveRecord::SchemaMigration Load (0.2ms)[0m  [1mSELECT "schema_migrations".* FROM "schema_migrations"[0m
Migrating to DeviseCreateUsers (20140812155129)
  [1m[35m (0.1ms)[0m  begin transaction
  [1m[36m (0.6ms)[0m  [1mCREATE TABLE "users" ("id" INTEGER PRIMARY KEY AUTOINCREMENT NOT NULL, "user_name" varchar(255), "email" varchar(255) DEFAULT '' NOT NULL, "encrypted_password" varchar(255) DEFAULT '' NOT NULL, "reset_password_token" varchar(255), "reset_password_sent_at" datetime, "remember_created_at" datetime, "sign_in_count" integer DEFAULT 0 NOT NULL, "current_sign_in_at" datetime, "last_sign_in_at" datetime, "current_sign_in_ip" varchar(255), "last_sign_in_ip" varchar(255), "confirmation_token" varchar(255), "confirmed_at" datetime, "confirmation_sent_at" datetime, "unconfirmed_email" varchar(255), "created_at" datetime, "updated_at" datetime) [0m
  [1m[35m (0.9ms)[0m  CREATE UNIQUE INDEX "index_users_on_email" ON "users" ("email")
  [1m[36m (0.3ms)[0m  [1mCREATE UNIQUE INDEX "index_users_on_reset_password_token" ON "users" ("reset_password_token")[0m
  [1m[35mSQL (0.3ms)[0m  INSERT INTO "schema_migrations" ("version") VALUES (?)  [["version", "20140812155129"]]
  [1m[36m (13.1ms)[0m  [1mcommit transaction[0m
  [1m[35mActiveRecord::SchemaMigration Load (0.1ms)[0m  SELECT "schema_migrations".* FROM "schema_migrations"


Started GET "/" for 127.0.0.1 at 2014-08-12 08:59:30 -0700
  [1m[36mActiveRecord::SchemaMigration Load (0.2ms)[0m  [1mSELECT "schema_migrations".* FROM "schema_migrations"[0m

ActionController::RoutingError (uninitialized constant HomeController):
  activesupport (4.0.4) lib/active_support/inflector/methods.rb:226:in `const_get'
  activesupport (4.0.4) lib/active_support/inflector/methods.rb:226:in `block in constantize'
  activesupport (4.0.4) lib/active_support/inflector/methods.rb:224:in `each'
  activesupport (4.0.4) lib/active_support/inflector/methods.rb:224:in `inject'
  activesupport (4.0.4) lib/active_support/inflector/methods.rb:224:in `constantize'
  actionpack (4.0.4) lib/action_dispatch/routing/route_set.rb:76:in `controller_reference'
  actionpack (4.0.4) lib/action_dispatch/routing/route_set.rb:66:in `controller'
  actionpack (4.0.4) lib/action_dispatch/routing/route_set.rb:44:in `call'
  actionpack (4.0.4) lib/action_dispatch/journey/router.rb:71:in `block in call'
  actionpack (4.0.4) lib/action_dispatch/journey/router.rb:59:in `each'
  actionpack (4.0.4) lib/action_dispatch/journey/router.rb:59:in `call'
  actionpack (4.0.4) lib/action_dispatch/routing/route_set.rb:674:in `call'
  warden (1.2.3) lib/warden/manager.rb:35:in `block in call'
  warden (1.2.3) lib/warden/manager.rb:34:in `catch'
  warden (1.2.3) lib/warden/manager.rb:34:in `call'
  rack (1.5.2) lib/rack/etag.rb:23:in `call'
  rack (1.5.2) lib/rack/conditionalget.rb:25:in `call'
  rack (1.5.2) lib/rack/head.rb:11:in `call'
  actionpack (4.0.4) lib/action_dispatch/middleware/params_parser.rb:27:in `call'
  actionpack (4.0.4) lib/action_dispatch/middleware/flash.rb:241:in `call'
  rack (1.5.2) lib/rack/session/abstract/id.rb:225:in `context'
  rack (1.5.2) lib/rack/session/abstract/id.rb:220:in `call'
  actionpack (4.0.4) lib/action_dispatch/middleware/cookies.rb:486:in `call'
  activerecord (4.0.4) lib/active_record/query_cache.rb:36:in `call'
  activerecord (4.0.4) lib/active_record/connection_adapters/abstract/connection_pool.rb:626:in `call'
  activerecord (4.0.4) lib/active_record/migration.rb:373:in `call'
  actionpack (4.0.4) lib/action_dispatch/middleware/callbacks.rb:29:in `block in call'
  activesupport (4.0.4) lib/active_support/callbacks.rb:373:in `_run__4531798380871403822__call__callbacks'
  activesupport (4.0.4) lib/active_support/callbacks.rb:80:in `run_callbacks'
  actionpack (4.0.4) lib/action_dispatch/middleware/callbacks.rb:27:in `call'
  actionpack (4.0.4) lib/action_dispatch/middleware/reloader.rb:64:in `call'
  actionpack (4.0.4) lib/action_dispatch/middleware/remote_ip.rb:76:in `call'
  actionpack (4.0.4) lib/action_dispatch/middleware/debug_exceptions.rb:17:in `call'
  actionpack (4.0.4) lib/action_dispatch/middleware/show_exceptions.rb:30:in `call'
  railties (4.0.4) lib/rails/rack/logger.rb:38:in `call_app'
  railties (4.0.4) lib/rails/rack/logger.rb:20:in `block in call'
  activesupport (4.0.4) lib/active_support/tagged_logging.rb:68:in `block in tagged'
  activesupport (4.0.4) lib/active_support/tagged_logging.rb:26:in `tagged'
  activesupport (4.0.4) lib/active_support/tagged_logging.rb:68:in `tagged'
  railties (4.0.4) lib/rails/rack/logger.rb:20:in `call'
  actionpack (4.0.4) lib/action_dispatch/middleware/request_id.rb:21:in `call'
  rack (1.5.2) lib/rack/methodoverride.rb:21:in `call'
  rack (1.5.2) lib/rack/runtime.rb:17:in `call'
  activesupport (4.0.4) lib/active_support/cache/strategy/local_cache.rb:83:in `call'
  rack (1.5.2) lib/rack/lock.rb:17:in `call'
  actionpack (4.0.4) lib/action_dispatch/middleware/static.rb:64:in `call'
  rack (1.5.2) lib/rack/sendfile.rb:112:in `call'
  railties (4.0.4) lib/rails/engine.rb:511:in `call'
  railties (4.0.4) lib/rails/application.rb:97:in `call'
  rack (1.5.2) lib/rack/lock.rb:17:in `call'
  rack (1.5.2) lib/rack/content_length.rb:14:in `call'
  rack (1.5.2) lib/rack/handler/webrick.rb:60:in `service'
  /Users/Ari/.rvm/rubies/ruby-1.9.3-p286/lib/ruby/1.9.1/webrick/httpserver.rb:138:in `service'
  /Users/Ari/.rvm/rubies/ruby-1.9.3-p286/lib/ruby/1.9.1/webrick/httpserver.rb:94:in `run'
  /Users/Ari/.rvm/rubies/ruby-1.9.3-p286/lib/ruby/1.9.1/webrick/server.rb:191:in `block in start_thread'


  Rendered /Users/Ari/.rvm/gems/ruby-1.9.3-p286/gems/actionpack-4.0.4/lib/action_dispatch/middleware/templates/rescues/_trace.erb (2.1ms)
  Rendered /Users/Ari/.rvm/gems/ruby-1.9.3-p286/gems/actionpack-4.0.4/lib/action_dispatch/middleware/templates/routes/_route.html.erb (42.6ms)
  Rendered /Users/Ari/.rvm/gems/ruby-1.9.3-p286/gems/actionpack-4.0.4/lib/action_dispatch/middleware/templates/routes/_table.html.erb (47.1ms)
  Rendered /Users/Ari/.rvm/gems/ruby-1.9.3-p286/gems/actionpack-4.0.4/lib/action_dispatch/middleware/templates/rescues/routing_error.erb within rescues/layout (199.6ms)


Started GET "/" for 127.0.0.1 at 2014-08-12 09:00:14 -0700

ArgumentError (Missing :action key on routes definition, please check your routes.):
  config/routes.rb:3:in `block in <top (required)>'
  config/routes.rb:1:in `<top (required)>'


  Rendered /Users/Ari/.rvm/gems/ruby-1.9.3-p286/gems/actionpack-4.0.4/lib/action_dispatch/middleware/templates/rescues/_source.erb (1.3ms)
  Rendered /Users/Ari/.rvm/gems/ruby-1.9.3-p286/gems/actionpack-4.0.4/lib/action_dispatch/middleware/templates/rescues/_trace.erb (2.3ms)
  Rendered /Users/Ari/.rvm/gems/ruby-1.9.3-p286/gems/actionpack-4.0.4/lib/action_dispatch/middleware/templates/rescues/_request_and_response.erb (2.0ms)
  Rendered /Users/Ari/.rvm/gems/ruby-1.9.3-p286/gems/actionpack-4.0.4/lib/action_dispatch/middleware/templates/rescues/diagnostics.erb within rescues/layout (43.4ms)


Started GET "/" for 127.0.0.1 at 2014-08-12 09:01:28 -0700

ActionController::RoutingError (uninitialized constant WelcomeController):
  activesupport (4.0.4) lib/active_support/inflector/methods.rb:226:in `const_get'
  activesupport (4.0.4) lib/active_support/inflector/methods.rb:226:in `block in constantize'
  activesupport (4.0.4) lib/active_support/inflector/methods.rb:224:in `each'
  activesupport (4.0.4) lib/active_support/inflector/methods.rb:224:in `inject'
  activesupport (4.0.4) lib/active_support/inflector/methods.rb:224:in `constantize'
  actionpack (4.0.4) lib/action_dispatch/routing/route_set.rb:76:in `controller_reference'
  actionpack (4.0.4) lib/action_dispatch/routing/route_set.rb:66:in `controller'
  actionpack (4.0.4) lib/action_dispatch/routing/route_set.rb:44:in `call'
  actionpack (4.0.4) lib/action_dispatch/journey/router.rb:71:in `block in call'
  actionpack (4.0.4) lib/action_dispatch/journey/router.rb:59:in `each'
  actionpack (4.0.4) lib/action_dispatch/journey/router.rb:59:in `call'
  actionpack (4.0.4) lib/action_dispatch/routing/route_set.rb:674:in `call'
  warden (1.2.3) lib/warden/manager.rb:35:in `block in call'
  warden (1.2.3) lib/warden/manager.rb:34:in `catch'
  warden (1.2.3) lib/warden/manager.rb:34:in `call'
  rack (1.5.2) lib/rack/etag.rb:23:in `call'
  rack (1.5.2) lib/rack/conditionalget.rb:25:in `call'
  rack (1.5.2) lib/rack/head.rb:11:in `call'
  actionpack (4.0.4) lib/action_dispatch/middleware/params_parser.rb:27:in `call'
  actionpack (4.0.4) lib/action_dispatch/middleware/flash.rb:241:in `call'
  rack (1.5.2) lib/rack/session/abstract/id.rb:225:in `context'
  rack (1.5.2) lib/rack/session/abstract/id.rb:220:in `call'
  actionpack (4.0.4) lib/action_dispatch/middleware/cookies.rb:486:in `call'
  activerecord (4.0.4) lib/active_record/query_cache.rb:36:in `call'
  activerecord (4.0.4) lib/active_record/connection_adapters/abstract/connection_pool.rb:626:in `call'
  activerecord (4.0.4) lib/active_record/migration.rb:373:in `call'
  actionpack (4.0.4) lib/action_dispatch/middleware/callbacks.rb:29:in `block in call'
  activesupport (4.0.4) lib/active_support/callbacks.rb:373:in `_run__4531798380871403822__call__callbacks'
  activesupport (4.0.4) lib/active_support/callbacks.rb:80:in `run_callbacks'
  actionpack (4.0.4) lib/action_dispatch/middleware/callbacks.rb:27:in `call'
  actionpack (4.0.4) lib/action_dispatch/middleware/reloader.rb:64:in `call'
  actionpack (4.0.4) lib/action_dispatch/middleware/remote_ip.rb:76:in `call'
  actionpack (4.0.4) lib/action_dispatch/middleware/debug_exceptions.rb:17:in `call'
  actionpack (4.0.4) lib/action_dispatch/middleware/show_exceptions.rb:30:in `call'
  railties (4.0.4) lib/rails/rack/logger.rb:38:in `call_app'
  railties (4.0.4) lib/rails/rack/logger.rb:20:in `block in call'
  activesupport (4.0.4) lib/active_support/tagged_logging.rb:68:in `block in tagged'
  activesupport (4.0.4) lib/active_support/tagged_logging.rb:26:in `tagged'
  activesupport (4.0.4) lib/active_support/tagged_logging.rb:68:in `tagged'
  railties (4.0.4) lib/rails/rack/logger.rb:20:in `call'
  actionpack (4.0.4) lib/action_dispatch/middleware/request_id.rb:21:in `call'
  rack (1.5.2) lib/rack/methodoverride.rb:21:in `call'
  rack (1.5.2) lib/rack/runtime.rb:17:in `call'
  activesupport (4.0.4) lib/active_support/cache/strategy/local_cache.rb:83:in `call'
  rack (1.5.2) lib/rack/lock.rb:17:in `call'
  actionpack (4.0.4) lib/action_dispatch/middleware/static.rb:64:in `call'
  rack (1.5.2) lib/rack/sendfile.rb:112:in `call'
  railties (4.0.4) lib/rails/engine.rb:511:in `call'
  railties (4.0.4) lib/rails/application.rb:97:in `call'
  rack (1.5.2) lib/rack/lock.rb:17:in `call'
  rack (1.5.2) lib/rack/content_length.rb:14:in `call'
  rack (1.5.2) lib/rack/handler/webrick.rb:60:in `service'
  /Users/Ari/.rvm/rubies/ruby-1.9.3-p286/lib/ruby/1.9.1/webrick/httpserver.rb:138:in `service'
  /Users/Ari/.rvm/rubies/ruby-1.9.3-p286/lib/ruby/1.9.1/webrick/httpserver.rb:94:in `run'
  /Users/Ari/.rvm/rubies/ruby-1.9.3-p286/lib/ruby/1.9.1/webrick/server.rb:191:in `block in start_thread'


  Rendered /Users/Ari/.rvm/gems/ruby-1.9.3-p286/gems/actionpack-4.0.4/lib/action_dispatch/middleware/templates/rescues/_trace.erb (1.8ms)
  Rendered /Users/Ari/.rvm/gems/ruby-1.9.3-p286/gems/actionpack-4.0.4/lib/action_dispatch/middleware/templates/routes/_route.html.erb (5.8ms)
  Rendered /Users/Ari/.rvm/gems/ruby-1.9.3-p286/gems/actionpack-4.0.4/lib/action_dispatch/middleware/templates/routes/_table.html.erb (1.9ms)
  Rendered /Users/Ari/.rvm/gems/ruby-1.9.3-p286/gems/actionpack-4.0.4/lib/action_dispatch/middleware/templates/rescues/routing_error.erb within rescues/layout (53.7ms)


Started GET "/" for 127.0.0.1 at 2014-08-12 09:04:58 -0700
Processing by WelcomeController#index as HTML
  Rendered welcome/index.html.erb within layouts/application (0.5ms)
Completed 200 OK in 1058ms (Views: 1018.9ms | ActiveRecord: 0.0ms)


Started GET "/assets/application.css?body=1" for 127.0.0.1 at 2014-08-12 09:04:59 -0700


Started GET "/assets/jquery.js?body=1" for 127.0.0.1 at 2014-08-12 09:04:59 -0700


Started GET "/assets/jquery_ujs.js?body=1" for 127.0.0.1 at 2014-08-12 09:04:59 -0700


Started GET "/assets/turbolinks.js?body=1" for 127.0.0.1 at 2014-08-12 09:04:59 -0700


Started GET "/assets/application.js?body=1" for 127.0.0.1 at 2014-08-12 09:04:59 -0700


Started GET "/" for 127.0.0.1 at 2014-08-12 09:05:49 -0700
Processing by WelcomeController#index as HTML
  Rendered welcome/index.html.erb within layouts/application (0.7ms)
Completed 200 OK in 8ms (Views: 6.4ms | ActiveRecord: 0.0ms)


Started GET "/assets/application.css?body=1" for 127.0.0.1 at 2014-08-12 09:05:49 -0700


Started GET "/assets/jquery.js?body=1" for 127.0.0.1 at 2014-08-12 09:05:49 -0700


Started GET "/assets/turbolinks.js?body=1" for 127.0.0.1 at 2014-08-12 09:05:49 -0700


Started GET "/assets/jquery_ujs.js?body=1" for 127.0.0.1 at 2014-08-12 09:05:49 -0700


Started GET "/assets/application.js?body=1" for 127.0.0.1 at 2014-08-12 09:05:49 -0700


Started GET "/" for 127.0.0.1 at 2014-08-12 09:06:00 -0700
Processing by WelcomeController#index as HTML
  Rendered welcome/index.html.erb within layouts/application (0.7ms)
Completed 200 OK in 8ms (Views: 6.4ms | ActiveRecord: 0.0ms)


Started GET "/assets/application.css?body=1" for 127.0.0.1 at 2014-08-12 09:06:00 -0700


Started GET "/assets/turbolinks.js?body=1" for 127.0.0.1 at 2014-08-12 09:06:00 -0700


Started GET "/assets/jquery_ujs.js?body=1" for 127.0.0.1 at 2014-08-12 09:06:00 -0700


Started GET "/assets/jquery.js?body=1" for 127.0.0.1 at 2014-08-12 09:06:00 -0700


Started GET "/assets/application.js?body=1" for 127.0.0.1 at 2014-08-12 09:06:00 -0700


Started GET "/" for 127.0.0.1 at 2014-08-12 09:06:07 -0700
Processing by WelcomeController#index as HTML
  Rendered welcome/index.html.erb within layouts/application (0.1ms)
Completed 200 OK in 6ms (Views: 4.6ms | ActiveRecord: 0.0ms)


Started GET "/assets/application.css?body=1" for 127.0.0.1 at 2014-08-12 09:06:07 -0700


Started GET "/assets/turbolinks.js?body=1" for 127.0.0.1 at 2014-08-12 09:06:07 -0700


Started GET "/assets/jquery_ujs.js?body=1" for 127.0.0.1 at 2014-08-12 09:06:07 -0700


Started GET "/assets/jquery.js?body=1" for 127.0.0.1 at 2014-08-12 09:06:07 -0700


Started GET "/assets/application.js?body=1" for 127.0.0.1 at 2014-08-12 09:06:07 -0700


Started GET "/" for 127.0.0.1 at 2014-08-12 09:07:31 -0700
Processing by WelcomeController#index as HTML
  Rendered welcome/index.html.erb within layouts/application (0.1ms)
Completed 200 OK in 16ms (Views: 14.4ms | ActiveRecord: 0.0ms)


Started GET "/assets/application.css?body=1" for 127.0.0.1 at 2014-08-12 09:07:31 -0700


Started GET "/assets/turbolinks.js?body=1" for 127.0.0.1 at 2014-08-12 09:07:31 -0700


Started GET "/assets/application.js?body=1" for 127.0.0.1 at 2014-08-12 09:07:31 -0700


Started GET "/assets/jquery.js?body=1" for 127.0.0.1 at 2014-08-12 09:07:31 -0700


Started GET "/assets/jquery_ujs.js?body=1" for 127.0.0.1 at 2014-08-12 09:07:31 -0700


Started GET "/assets/bootstrap" for 127.0.0.1 at 2014-08-12 09:07:31 -0700


Started GET "/" for 127.0.0.1 at 2014-08-12 09:08:17 -0700
Processing by WelcomeController#index as HTML
  Rendered welcome/index.html.erb within layouts/application (0.6ms)
Completed 200 OK in 7ms (Views: 5.9ms | ActiveRecord: 0.0ms)


Started GET "/assets/jquery.js?body=1" for 127.0.0.1 at 2014-08-12 09:08:17 -0700


Started GET "/assets/jquery_ujs.js?body=1" for 127.0.0.1 at 2014-08-12 09:08:17 -0700


Started GET "/assets/application.css?body=1" for 127.0.0.1 at 2014-08-12 09:08:17 -0700


Started GET "/assets/turbolinks.js?body=1" for 127.0.0.1 at 2014-08-12 09:08:17 -0700


Started GET "/assets/application.js?body=1" for 127.0.0.1 at 2014-08-12 09:08:17 -0700


Started GET "/assets/bootstrap" for 127.0.0.1 at 2014-08-12 09:08:17 -0700
